Hello World 1/app/build/intermediates/manifest_merge_blame_file/debug/manifest-merger-blame-debug-report.txt
1<?xml version="1.0" encoding="utf-8"?>
2<manifest xmlns:android="http://schemas.android.com/apk/res/android"
3    package="com.example.helloworld"
4    android:versionCode="1"
5    android:versionName="1.0" >
6
7    <uses-sdk
8        android:minSdkVersion="16"
8-->src\main\AndroidManifest.xml
9        android:targetSdkVersion="30" />
9-->src\main\AndroidManifest.xml
10
11    <application
11-->src\main\AndroidManifest.xml:5:5-30:19
12        android:allowBackup="true"
12-->src\main\AndroidManifest.xml:6:9-35
13        android:appComponentFactory="androidx.core.app.CoreComponentFactory"
13-->[androidx.core:core:1.3.1] AndroidManifest.xml:24:18-86
14        android:debuggable="true"
15        android:icon="@mipmap/ic_launcher"
15-->src\main\AndroidManifest.xml:7:9-43
16        android:label="Hello World 1"
16-->src\main\AndroidManifest.xml:8:9-38
17        android:supportsRtl="true"
17-->src\main\AndroidManifest.xml:9:9-35
18        android:theme="@style/AppTheme" >
18-->src\main\AndroidManifest.xml:10:9-40
19        <activity android:name="com.example.helloworld.Hello3" >
19-->src\main\AndroidManifest.xml:11:9-16:20
19-->src\main\AndroidManifest.xml:11:19-41
20            <intent-filter>
20-->src\main\AndroidManifest.xml:12:13-15:29
21                <action android:name="com.example.helloworld.intent.action.H3" />
21-->src\main\AndroidManifest.xml:13:17-89
21-->src\main\AndroidManifest.xml:13:25-79
22
23                <category android:name="android.intent.category.DEFAULT" />
23-->src\main\AndroidManifest.xml:14:17-76
23-->src\main\AndroidManifest.xml:14:27-73
24            </intent-filter>
25        </activity>
26        <activity android:name="com.example.helloworld.Hello2" >
26-->src\main\AndroidManifest.xml:17:9-21:20
26-->src\main\AndroidManifest.xml:17:19-41
27            <intent-filter>
27-->src\main\AndroidManifest.xml:18:13-20:25
28                <category android:name="android.intent.category.DEFAULT" />
28-->src\main\AndroidManifest.xml:14:17-76
28-->src\main\AndroidManifest.xml:14:27-73
29            </intent-filter>
30        </activity>
31        <activity
31-->src\main\AndroidManifest.xml:22:9-29:20
32            android:name="com.example.helloworld.Hello1"
32-->src\main\AndroidManifest.xml:23:13-35
33            android:launchMode="singleTask" >
33-->src\main\AndroidManifest.xml:24:13-44
34            <intent-filter>
34-->src\main\AndroidManifest.xml:25:13-28:29
35                <action android:name="android.intent.action.MAIN" />
35-->src\main\AndroidManifest.xml:26:17-69
35-->src\main\AndroidManifest.xml:26:25-66
36
37                <category android:name="android.intent.category.LAUNCHER" />
37-->src\main\AndroidManifest.xml:27:17-77
37-->src\main\AndroidManifest.xml:27:27-74
38            </intent-filter>
39        </activity>
40    </application>
41
42</manifest>